Arguments: 
  /Users/nakaz/.nodebrew/node/v11.10.1/bin/node /Users/nakaz/.nodebrew/current/bin/yarn install

PATH: 
  /usr/local/bin:/Users/nakaz/.nodebrew/current/bin:/usr/bin:/bin:/usr/sbin:/sbin

Yarn version: 
  1.13.0

Node version: 
  11.10.1

Platform: 
  darwin x64

Trace: 
  SyntaxError: /Users/nakaz/Desktop/work_my/github_pages/docs/yyc_top/package.json: Unexpected token } in JSON at position 292
      at JSON.parse (<anonymous>)
      at /Users/nakaz/.nodebrew/node/v11.10.1/lib/node_modules/yarn/lib/cli.js:1625:59
      at Generator.next (<anonymous>)
      at step (/Users/nakaz/.nodebrew/node/v11.10.1/lib/node_modules/yarn/lib/cli.js:304:30)
      at /Users/nakaz/.nodebrew/node/v11.10.1/lib/node_modules/yarn/lib/cli.js:315:13

npm manifest: 
  {
    "name": "yyc_top",
    "version": "1.0.0",
    "description": "",
    "main": "index.js",
    "scripts": {
      "scss:css": "node-sass --output-style expanded ./scss -o ./css",
      "prefix": "postcss -u autoprefixer --no-map ./css -r ./css",
      "build": "yarn run scss:css && yarn run prefix",
    },
    "author": "",
    "license": "ISC",
    "dependencies": {},
    "devDependencies": {
      "autoprefixer": "^8.5.1",
      "node-sass": "^4.9.0",
      "postcss-cli": "^5.0.0",
      "webpack": "^4.41.5",
      "webpack-cli": "^3.3.10",
      "webpack-dev-server": "^3.10.1"
    },
    "browserslist": [
      "> 1% in JP",
      "Android >= 4"
    ]
  }

yarn manifest: 
  No manifest

Lockfile: 
  No lockfile
